{"/Users/awarenessathleticsinc./Documents/Projects/repos/spfa/spfa-logger-lib/src/logger.js": {"path":"/Users/awarenessathleticsinc./Documents/Projects/repos/spfa/spfa-logger-lib/src/logger.js","statementMap":{"0":{"start":{"line":6,"column":55},"end":{"line":6,"column":61}},"1":{"start":{"line":7,"column":0},"end":{"line":7,"column":9}},"2":{"start":{"line":9,"column":17},"end":{"line":15,"column":2}},"3":{"start":{"line":16,"column":16},"end":{"line":16,"column":38}},"4":{"start":{"line":25,"column":4},"end":{"line":25,"column":25}},"5":{"start":{"line":26,"column":4},"end":{"line":37,"column":7}},"6":{"start":{"line":41,"column":4},"end":{"line":45,"column":7}},"7":{"start":{"line":49,"column":4},"end":{"line":49,"column":31}},"8":{"start":{"line":53,"column":4},"end":{"line":53,"column":30}},"9":{"start":{"line":57,"column":4},"end":{"line":57,"column":30}},"10":{"start":{"line":61,"column":4},"end":{"line":61,"column":31}},"11":{"start":{"line":65,"column":4},"end":{"line":65,"column":31}}},"fnMap":{"0":{"name":"(anonymous_0)","decl":{"start":{"line":24,"column":2},"end":{"line":24,"column":3}},"loc":{"start":{"line":24,"column":22},"end":{"line":38,"column":3}},"line":24},"1":{"name":"(anonymous_1)","decl":{"start":{"line":40,"column":2},"end":{"line":40,"column":3}},"loc":{"start":{"line":40,"column":22},"end":{"line":46,"column":3}},"line":40},"2":{"name":"(anonymous_2)","decl":{"start":{"line":48,"column":2},"end":{"line":48,"column":3}},"loc":{"start":{"line":48,"column":17},"end":{"line":50,"column":3}},"line":48},"3":{"name":"(anonymous_3)","decl":{"start":{"line":52,"column":2},"end":{"line":52,"column":3}},"loc":{"start":{"line":52,"column":16},"end":{"line":54,"column":3}},"line":52},"4":{"name":"(anonymous_4)","decl":{"start":{"line":56,"column":2},"end":{"line":56,"column":3}},"loc":{"start":{"line":56,"column":16},"end":{"line":58,"column":3}},"line":56},"5":{"name":"(anonymous_5)","decl":{"start":{"line":60,"column":2},"end":{"line":60,"column":3}},"loc":{"start":{"line":60,"column":17},"end":{"line":62,"column":3}},"line":60},"6":{"name":"(anonymous_6)","decl":{"start":{"line":64,"column":2},"end":{"line":64,"column":3}},"loc":{"start":{"line":64,"column":17},"end":{"line":66,"column":3}},"line":64}},"branchMap":{},"s":{"0":1,"1":1,"2":1,"3":1,"4":5,"5":5,"6":5,"7":1,"8":1,"9":1,"10":1,"11":1},"f":{"0":5,"1":5,"2":1,"3":1,"4":1,"5":1,"6":1},"b":{},"_coverageSchema":"1a1c01bbd47fc00a2c39e90264f33305004495a9","hash":"e272e7212b5a571cc957bb1b796a1498687e9b17"}
}
